\BOOKMARK [1][-]{Doc-Start}{\376\377\144\130\211\201}{}% 1
\BOOKMARK [1][-]{Doc-Start}{\376\377\000A\000b\000s\000t\000r\000a\000c\000t}{}% 2
\BOOKMARK [1][-]{section.1}{\376\377\137\025\212\000}{}% 3
\BOOKMARK [2][-]{subsection.1.1}{\376\377\170\024\172\166\200\314\146\157}{section.1}% 4
\BOOKMARK [2][-]{subsection.1.2}{\376\377\170\024\172\166\225\356\230\230}{section.1}% 5
\BOOKMARK [2][-]{subsection.1.3}{\376\377\170\024\172\166\141\017\116\111}{section.1}% 6
\BOOKMARK [1][-]{section.2}{\376\377\170\024\172\166\145\271\154\325}{}% 7
\BOOKMARK [2][-]{subsection.2.1}{\376\377\170\024\172\166\213\276\213\241}{section.2}% 8
\BOOKMARK [2][-]{subsection.2.2}{\376\377\145\160\143\156\145\066\226\306}{section.2}% 9
\BOOKMARK [3][-]{subsubsection.2.2.1}{\376\377\137\256\123\132\145\160\143\156\145\066\226\306}{subsection.2.2}% 10
\BOOKMARK [3][-]{subsubsection.2.2.2}{\376\377\000B\172\331\145\160\143\156\145\066\226\306}{subsection.2.2}% 11
\BOOKMARK [2][-]{subsection.2.3}{\376\377\145\160\143\156\122\006\147\220\145\271\154\325}{section.2}% 12
\BOOKMARK [3][-]{subsubsection.2.3.1}{\376\377\145\207\147\054\230\204\131\004\164\006\155\101\172\013}{subsection.2.3}% 13
\BOOKMARK [3][-]{subsubsection.2.3.2}{\376\377\162\171\137\201\135\345\172\013}{subsection.2.3}% 14
\BOOKMARK [3][-]{subsubsection.2.3.3}{\376\377\200\132\174\173\122\006\147\220\145\271\154\325}{subsection.2.3}% 15
\BOOKMARK [3][-]{subsubsection.2.3.4}{\376\377\116\011\176\364\213\304\117\060\150\106\147\266}{subsection.2.3}% 16
\BOOKMARK [1][-]{section.3}{\376\377\133\236\232\214\176\323\147\234\116\016\122\006\147\220}{}% 17
\BOOKMARK [2][-]{subsection.3.1}{\376\377\121\263\173\126\127\072\146\157\122\006\147\220}{section.3}% 18
\BOOKMARK [3][-]{subsubsection.3.1.1}{\376\377\137\256\123\132\121\263\173\126\127\072\146\157\122\006\147\220}{subsection.3.1}% 19
\BOOKMARK [3][-]{subsubsection.3.1.2}{\376\377\000B\172\331\121\263\173\126\127\072\146\157\122\006\147\220}{subsection.3.1}% 20
\BOOKMARK [2][-]{subsection.3.2}{\376\377\123\327\117\027\165\073\120\317\200\132\174\173\122\006\147\220}{section.3}% 21
\BOOKMARK [3][-]{subsubsection.3.2.1}{\376\377\137\256\123\132\165\050\142\067\200\132\174\173\176\323\147\234}{subsection.3.2}% 22
\BOOKMARK [3][-]{subsubsection.3.2.2}{\376\377\116\011\174\173\165\050\142\067\213\346\176\306\162\171\137\201\122\006\147\220}{subsection.3.2}% 23
\BOOKMARK [2][-]{subsection.3.3}{\376\377\123\132\116\073\000/\000U\000P\116\073\116\011\176\364\213\304\117\060}{section.3}% 24
\BOOKMARK [3][-]{subsubsection.3.3.1}{\376\377\137\256\123\132\123\132\116\073\226\166\166\175\166\175\000S\000e\000n\000s\000e\000i\213\304\117\060}{subsection.3.3}% 25
\BOOKMARK [3][-]{subsubsection.3.3.2}{\376\377\000B\172\331\000U\000P\116\073\237\231\131\163\130\124\177\127\213\304\117\060}{subsection.3.3}% 26
\BOOKMARK [1][-]{section.4}{\376\377\213\250\213\272}{}% 27
\BOOKMARK [2][-]{subsection.4.1}{\376\377\170\024\172\166\123\321\163\260\140\073\176\323}{section.4}% 28
\BOOKMARK [3][-]{subsubsection.4.1.1}{\376\377\121\263\173\126\127\072\146\157\166\204\135\356\137\002\123\026\117\235\215\126}{subsection.4.1}% 29
\BOOKMARK [3][-]{subsubsection.4.1.2}{\376\377\123\327\117\027\177\244\117\123\166\204\116\011\221\315\122\006\123\026}{subsection.4.1}% 30
\BOOKMARK [3][-]{subsubsection.4.1.3}{\376\377\121\205\133\271\122\033\117\134\200\005\166\204\173\126\165\145\135\356\137\002}{subsection.4.1}% 31
\BOOKMARK [2][-]{subsection.4.2}{\376\377\170\024\172\166\134\100\226\120\140\047}{section.4}% 32
\BOOKMARK [3][-]{subsubsection.4.2.1}{\376\377\145\160\143\156\145\066\226\306\226\120\122\066}{subsection.4.2}% 33
\BOOKMARK [3][-]{subsubsection.4.2.2}{\376\377\145\271\154\325\133\146\226\120\122\066}{subsection.4.2}% 34
\BOOKMARK [2][-]{subsection.4.3}{\376\377\117\046\164\006\116\016\133\211\121\150\200\003\221\317}{section.4}% 35
\BOOKMARK [3][-]{subsubsection.4.3.1}{\376\377\145\160\143\156\117\046\164\006}{subsection.4.3}% 36
\BOOKMARK [3][-]{subsubsection.4.3.2}{\376\377\121\205\133\271\133\211\121\150}{subsection.4.3}% 37
\BOOKMARK [3][-]{subsubsection.4.3.3}{\376\377\154\273\164\006\136\372\213\256}{subsection.4.3}% 38
\BOOKMARK [1][-]{section.5}{\376\377\176\323\213\272\116\016\134\125\147\033}{}% 39
\BOOKMARK [2][-]{subsection.5.1}{\376\377\116\073\211\201\176\323\213\272}{section.5}% 40
\BOOKMARK [2][-]{subsection.5.2}{\376\377\133\236\215\365\136\372\213\256}{section.5}% 41
\BOOKMARK [3][-]{subsubsection.5.2.1}{\376\377\133\371\121\205\133\271\122\033\117\134\200\005\166\204\136\372\213\256}{subsection.5.2}% 42
\BOOKMARK [3][-]{subsubsection.5.2.2}{\376\377\133\371\136\163\123\360\145\271\166\204\136\372\213\256}{subsection.5.2}% 43
\BOOKMARK [3][-]{subsubsection.5.2.3}{\376\377\133\371\166\321\173\241\220\350\225\350\166\204\136\372\213\256}{subsection.5.2}% 44
\BOOKMARK [2][-]{subsection.5.3}{\376\377\147\052\147\145\134\125\147\033}{section.5}% 45
\BOOKMARK [3][-]{subsubsection.5.3.1}{\376\377\145\271\154\325\133\146\122\033\145\260}{subsection.5.3}% 46
\BOOKMARK [3][-]{subsubsection.5.3.2}{\376\377\170\024\172\166\116\073\230\230\142\323\134\125}{subsection.5.3}% 47
\BOOKMARK [3][-]{subsubsection.5.3.3}{\376\377\142\200\147\057\136\224\165\050\143\242\175\042}{subsection.5.3}% 48
\BOOKMARK [2][-]{subsection.5.4}{\376\377\170\024\172\166\141\017\116\111\121\215\140\035\200\003}{section.5}% 49
\BOOKMARK [1][-]{subsection.5.4}{\376\377\123\302\200\003\145\207\163\056}{}% 50
\BOOKMARK [1][-]{appendix.A}{\376\377\133\236\232\214\145\160\143\156\176\337\213\241\210\150}{}% 51
\BOOKMARK [1][-]{appendix.B}{\376\377\126\376\162\107\117\177\165\050\156\005\123\125}{}% 52
\BOOKMARK [2][-]{subsection.B.1}{\376\377\121\263\173\126\127\072\146\157\122\006\147\220\126\376\162\107\377\010\0008\137\040\377\011}{appendix.B}% 53
\BOOKMARK [2][-]{subsection.B.2}{\376\377\165\050\142\067\200\132\174\173\122\006\147\220\126\376\162\107\377\010\0007\137\040\377\011}{appendix.B}% 54
\BOOKMARK [2][-]{subsection.B.3}{\376\377\123\132\116\073\000/\000U\000P\116\073\213\304\117\060\126\376\162\107\377\010\0007\137\040\377\011}{appendix.B}% 55
