This is pdfTeX, Version 3.141592653-2.6-1.40.25 (MiKTeX 24.1) (preloaded format=pdflatex 2025.12.19)  19 DEC 2025 19:20
entering extended mode
 restricted \write18 enabled.
 %&-line parsing enabled.
**./Êñ∞ÈóªÂÆâÂÖ®.tex
(Êñ∞ÈóªÂÆâÂÖ®.tex
LaTeX2e <2023-11-01> patch level 1
L3 programming layer <2024-01-04>
(C:\Users\bdfxl\AppData\Local\Programs\MiKTeX\tex/latex/base\article.cls
Document Class: article 2023/05/17 v1.4n Standard LaTeX document class
(C:\Users\bdfxl\AppData\Local\Programs\MiKTeX\tex/latex/base\size12.clo
File: size12.clo 2023/05/17 v1.4n Standard LaTeX file (size option)
)
\c@part=\count187
\c@section=\count188
\c@subsection=\count189
\c@subsubsection=\count190
\c@paragraph=\count191
\c@subparagraph=\count192
\c@figure=\count193
\c@table=\count194
\abovecaptionskip=\skip48
\belowcaptionskip=\skip49
\bibindent=\dimen140
)
(C:\Users\bdfxl\AppData\Local\Programs\MiKTeX\tex/latex/ctex\ctex.sty
(C:\Users\bdfxl\AppData\Local\Programs\MiKTeX\tex/latex/l3kernel\expl3.sty
Package: expl3 2024-01-04 L3 programming layer (loader) 

(C:\Users\bdfxl\AppData\Local\Programs\MiKTeX\tex/latex/l3backend\l3backend-pdf
tex.def
File: l3backend-pdftex.def 2024-01-04 L3 backend support: PDF output (pdfTeX)
\l__color_backend_stack_int=\count195
\l__pdf_internal_box=\box51
))
Package: ctex 2022/07/14 v2.5.10 Chinese adapter in LaTeX (CTEX)

(C:\Users\bdfxl\AppData\Local\Programs\MiKTeX\tex/latex/ctex\ctexhook.sty
Package: ctexhook 2022/07/14 v2.5.10 Document and package hooks (CTEX)
)
(C:\Users\bdfxl\AppData\Local\Programs\MiKTeX\tex/latex/ctex\ctexpatch.sty
Package: ctexpatch 2022/07/14 v2.5.10 Patching commands (CTEX)
)
(C:\Users\bdfxl\AppData\Local\Programs\MiKTeX\tex/latex/base\fix-cm.sty
Package: fix-cm 2020/11/24 v1.1t fixes to LaTeX

(C:\Users\bdfxl\AppData\Local\Programs\MiKTeX\tex/latex/base\ts1enc.def
File: ts1enc.def 2001/06/05 v3.0e (jk/car/fm) Standard LaTeX file
LaTeX Font Info:    Redeclaring font encoding TS1 on input line 47.
))
\l__ctex_tmp_int=\count196
\l__ctex_tmp_box=\box52
\l__ctex_tmp_dim=\dimen141
\g__ctex_section_depth_int=\count197
\g__ctex_font_size_int=\count198

(C:\Users\bdfxl\AppData\Local\Programs\MiKTeX\tex/latex/ctex/config\ctexopts.cf
g
File: ctexopts.cfg 2022/07/14 v2.5.10 Option configuration file (CTEX)
)
(C:\Users\bdfxl\AppData\Local\Programs\MiKTeX\tex/latex/ctex/engine\ctex-engine
-pdftex.def
File: ctex-engine-pdftex.def 2022/07/14 v2.5.10 (pdf)LaTeX adapter (CTEX)

(C:\Users\bdfxl\AppData\Local\Programs\MiKTeX\tex/latex/cjk\CJKutf8.sty
Package: CJKutf8 2021/10/16 4.8.5

(C:\Users\bdfxl\AppData\Local\Programs\MiKTeX\tex/generic/iftex\ifpdf.sty
Package: ifpdf 2019/10/25 v3.4 ifpdf legacy package. Use iftex instead.

(C:\Users\bdfxl\AppData\Local\Programs\MiKTeX\tex/generic/iftex\iftex.sty
Package: iftex 2022/02/03 v1.0f TeX engine tests
))
(C:\Users\bdfxl\AppData\Local\Programs\MiKTeX\tex/latex/base\inputenc.sty
Package: inputenc 2021/02/14 v1.3d Input encoding file
\inpenc@prehook=\toks17
\inpenc@posthook=\toks18
)
(C:\Users\bdfxl\AppData\Local\Programs\MiKTeX\tex/latex/cjk\CJK.sty
Package: CJK 2021/10/16 4.8.5

(C:\Users\bdfxl\AppData\Local\Programs\MiKTeX\tex/latex/cjk/mule\MULEenc.sty
Package: MULEenc 2021/10/16 4.8.5
)
(C:\Users\bdfxl\AppData\Local\Programs\MiKTeX\tex/latex/cjk\CJK.enc
File: CJK.enc 2021/10/16 4.8.5
Now handling font encoding C00 ...
... no UTF-8 mapping file for font encoding C00
Now handling font encoding C05 ...
... no UTF-8 mapping file for font encoding C05
Now handling font encoding C09 ...
... no UTF-8 mapping file for font encoding C09
Now handling font encoding C10 ...
... no UTF-8 mapping file for font encoding C10
Now handling font encoding C20 ...
... no UTF-8 mapping file for font encoding C20
Now handling font encoding C19 ...
... no UTF-8 mapping file for font encoding C19
Now handling font encoding C40 ...
... no UTF-8 mapping file for font encoding C40
Now handling font encoding C42 ...
... no UTF-8 mapping file for font encoding C42
Now handling font encoding C43 ...
... no UTF-8 mapping file for font encoding C43
Now handling font encoding C50 ...
... no UTF-8 mapping file for font encoding C50
Now handling font encoding C52 ...
... no UTF-8 mapping file for font encoding C52
Now handling font encoding C49 ...
... no UTF-8 mapping file for font encoding C49
Now handling font encoding C60 ...
... no UTF-8 mapping file for font encoding C60
Now handling font encoding C61 ...
... no UTF-8 mapping file for font encoding C61
Now handling font encoding C63 ...
... no UTF-8 mapping file for font encoding C63
Now handling font encoding C64 ...
... no UTF-8 mapping file for font encoding C64
Now handling font encoding C65 ...
... no UTF-8 mapping file for font encoding C65
Now handling font encoding C70 ...
... no UTF-8 mapping file for font encoding C70
Now handling font encoding C31 ...
... no UTF-8 mapping file for font encoding C31
Now handling font encoding C32 ...
... no UTF-8 mapping file for font encoding C32
Now handling font encoding C33 ...
... no UTF-8 mapping file for font encoding C33
Now handling font encoding C34 ...
... no UTF-8 mapping file for font encoding C34
Now handling font encoding C35 ...
... no UTF-8 mapping file for font encoding C35
Now handling font encoding C36 ...
... no UTF-8 mapping file for font encoding C36
Now handling font encoding C37 ...
... no UTF-8 mapping file for font encoding C37
Now handling font encoding C80 ...
... no UTF-8 mapping file for font encoding C80
Now handling font encoding C81 ...
... no UTF-8 mapping file for font encoding C81
Now handling font encoding C01 ...
... no UTF-8 mapping file for font encoding C01
Now handling font encoding C11 ...
... no UTF-8 mapping file for font encoding C11
Now handling font encoding C21 ...
... no UTF-8 mapping file for font encoding C21
Now handling font encoding C41 ...
... no UTF-8 mapping file for font encoding C41
Now handling font encoding C62 ...
... no UTF-8 mapping file for font encoding C62
)
\CJK@indent=\box53
)
(C:\Users\bdfxl\AppData\Local\Programs\MiKTeX\tex/latex/base\fontenc.sty
Package: fontenc 2021/04/29 v2.0v Standard LaTeX package
))
(C:\Users\bdfxl\AppData\Local\Programs\MiKTeX\tex/latex/cjkpunct\CJKpunct.sty
Package: CJKpunct 2016/05/14 4.8.4
\CJKpunct@cnta=\count199
\CJKpunct@cntb=\count266
\CJKpunct@cntc=\count267
\CJKpunct@cntd=\count268
\CJKpunct@cnte=\count269
   defining Unicode char U+2018 (decimal 8216)
   defining Unicode char U+2019 (decimal 8217)
   defining Unicode char U+201C (decimal 8220)
   defining Unicode char U+201D (decimal 8221)
   defining Unicode char U+2014 (decimal 8212)
   defining Unicode char U+2026 (decimal 8230)

(C:\Users\bdfxl\AppData\Local\Programs\MiKTeX\tex/latex/cjkpunct\CJKpunct.spa))
(C:\Users\bdfxl\AppData\Local\Programs\MiKTeX\tex/latex/cjk\CJKspace.sty
Package: CJKspace 2021/10/16 3.8.0
)
(C:\Users\bdfxl\AppData\Local\Programs\MiKTeX\tex/latex/cjk/UTF8\UTF8.bdg
File: UTF8.bdg 2021/10/16 4.8.5
)
(C:\Users\bdfxl\AppData\Local\Programs\MiKTeX\tex/latex/ctex\ctexspa.def
File: ctexspa.def 2022/07/14 v2.5.10 Space info for CJKpunct (CTEX)
)
\ccwd=\dimen142
\l__ctex_ccglue_skip=\skip50
)
\l__ctex_ziju_dim=\dimen143

(C:\Users\bdfxl\AppData\Local\Programs\MiKTeX\tex/latex/zhnumber\zhnumber.sty
Package: zhnumber 2022/07/14 v3.0 Typesetting numbers with Chinese glyphs
\l__zhnum_scale_int=\count270
\l__zhnum_tmp_int=\count271

(C:\Users\bdfxl\AppData\Local\Programs\MiKTeX\tex/latex/zhnumber\zhnumber-utf8.
cfg
File: zhnumber-utf8.cfg 2022/07/14 v3.0 Chinese numerals with UTF8 encoding
))
(C:\Users\bdfxl\AppData\Local\Programs\MiKTeX\tex/latex/ctex/scheme\ctex-scheme
-chinese.def
File: ctex-scheme-chinese.def 2022/07/14 v2.5.10 Chinese scheme for generic (CT
EX)

(C:\Users\bdfxl\AppData\Local\Programs\MiKTeX\tex/latex/ctex/config\ctex-name-u
tf8.cfg
File: ctex-name-utf8.cfg 2022/07/14 v2.5.10 Caption with encoding UTF-8 (CTEX)
))
(C:\Users\bdfxl\AppData\Local\Programs\MiKTeX\tex/latex/tools\indentfirst.sty
Package: indentfirst 2023/07/02 v1.03 Indent first paragraph (DPC)
)
(C:\Users\bdfxl\AppData\Local\Programs\MiKTeX\tex/latex/ctex/fontset\ctex-fonts
et-windows.def
File: ctex-fontset-windows.def 2022/07/14 v2.5.10 Windows fonts definition (CTE
X)
))
(C:\Users\bdfxl\AppData\Local\Programs\MiKTeX\tex/latex/ctex/config\ctex.cfg
File: ctex.cfg 2022/07/14 v2.5.10 Configuration file (CTEX)
)
(C:\Users\bdfxl\AppData\Local\Programs\MiKTeX\tex/latex/geometry\geometry.sty
Package: geometry 2020/01/02 v5.9 Page Geometry

(C:\Users\bdfxl\AppData\Local\Programs\MiKTeX\tex/latex/graphics\keyval.sty
Package: keyval 2022/05/29 v1.15 key=value parser (DPC)
\KV@toks@=\toks19
)
(C:\Users\bdfxl\AppData\Local\Programs\MiKTeX\tex/generic/iftex\ifvtex.sty
Package: ifvtex 2019/10/25 v1.7 ifvtex legacy package. Use iftex instead.
)
\Gm@cnth=\count272
\Gm@cntv=\count273
\c@Gm@tempcnt=\count274
\Gm@bindingoffset=\dimen144
\Gm@wd@mp=\dimen145
\Gm@odd@mp=\dimen146
\Gm@even@mp=\dimen147
\Gm@layoutwidth=\dimen148
\Gm@layoutheight=\dimen149
\Gm@layouthoffset=\dimen150
\Gm@layoutvoffset=\dimen151
\Gm@dimlist=\toks20

(C:\Users\bdfxl\AppData\Local\Programs\MiKTeX\tex/latex/geometry\geometry.cfg))
(C:\Users\bdfxl\AppData\Local\Programs\MiKTeX\tex/latex/graphics\graphicx.sty
Package: graphicx 2021/09/16 v1.2d Enhanced LaTeX Graphics (DPC,SPQR)

(C:\Users\bdfxl\AppData\Local\Programs\MiKTeX\tex/latex/graphics\graphics.sty
Package: graphics 2022/03/10 v1.4e Standard LaTeX Graphics (DPC,SPQR)

(C:\Users\bdfxl\AppData\Local\Programs\MiKTeX\tex/latex/graphics\trig.sty
Package: trig 2021/08/11 v1.11 sin cos tan (DPC)
)
(C:\Users\bdfxl\AppData\Local\Programs\MiKTeX\tex/latex/graphics-cfg\graphics.c
fg
File: graphics.cfg 2016/06/04 v1.11 sample graphics configuration
)
Package graphics Info: Driver file: pdftex.def on input line 107.

(C:\Users\bdfxl\AppData\Local\Programs\MiKTeX\tex/latex/graphics-def\pdftex.def
File: pdftex.def 2022/09/22 v1.2b Graphics/color driver for pdftex
))
\Gin@req@height=\dimen152
\Gin@req@width=\dimen153
)
(C:\Users\bdfxl\AppData\Local\Programs\MiKTeX\tex/latex/titlesec\titlesec.sty
Package: titlesec 2025/01/04 v2.17 Sectioning titles
\ttl@box=\box54
\beforetitleunit=\skip51
\aftertitleunit=\skip52
\ttl@plus=\dimen154
\ttl@minus=\dimen155
\ttl@toksa=\toks21
\titlewidth=\dimen156
\titlewidthlast=\dimen157
\titlewidthfirst=\dimen158
)
(C:\Users\bdfxl\AppData\Local\Programs\MiKTeX\tex/latex/fancyhdr\fancyhdr.sty
Package: fancyhdr 2025/02/07 v5.2 Extensive control of page headers and footers

\f@nch@headwidth=\skip53
\f@nch@offset@elh=\skip54
\f@nch@offset@erh=\skip55
\f@nch@offset@olh=\skip56
\f@nch@offset@orh=\skip57
\f@nch@offset@elf=\skip58
\f@nch@offset@erf=\skip59
\f@nch@offset@olf=\skip60
\f@nch@offset@orf=\skip61
\f@nch@height=\skip62
\f@nch@footalignment=\skip63
\f@nch@widthL=\skip64
\f@nch@widthC=\skip65
\f@nch@widthR=\skip66
\@temptokenb=\toks22
)
(C:\Users\bdfxl\AppData\Local\Programs\MiKTeX\tex/latex/tocloft\tocloft.sty
Package: tocloft 2017/08/31 v2.3i parameterised ToC, etc., typesetting
Package tocloft Info: The document has section divisions on input line 51.
\cftparskip=\skip67
\cftbeforetoctitleskip=\skip68
\cftaftertoctitleskip=\skip69
\cftbeforepartskip=\skip70
\cftpartnumwidth=\skip71
\cftpartindent=\skip72
\cftbeforesecskip=\skip73
\cftsecindent=\skip74
\cftsecnumwidth=\skip75
\cftbeforesubsecskip=\skip76
\cftsubsecindent=\skip77
\cftsubsecnumwidth=\skip78
\cftbeforesubsubsecskip=\skip79
\cftsubsubsecindent=\skip80
\cftsubsubsecnumwidth=\skip81
\cftbeforeparaskip=\skip82
\cftparaindent=\skip83
\cftparanumwidth=\skip84
\cftbeforesubparaskip=\skip85
\cftsubparaindent=\skip86
\cftsubparanumwidth=\skip87
\cftbeforeloftitleskip=\skip88
\cftafterloftitleskip=\skip89
\cftbeforefigskip=\skip90
\cftfigindent=\skip91
\cftfignumwidth=\skip92
\c@lofdepth=\count275
\c@lotdepth=\count276
\cftbeforelottitleskip=\skip93
\cftafterlottitleskip=\skip94
\cftbeforetabskip=\skip95
\cfttabindent=\skip96
\cfttabnumwidth=\skip97
)
(C:\Users\bdfxl\AppData\Local\Programs\MiKTeX\tex/latex/booktabs\booktabs.sty
Package: booktabs 2020/01/12 v1.61803398 Publication quality tables
\heavyrulewidth=\dimen159
\lightrulewidth=\dimen160
\cmidrulewidth=\dimen161
\belowrulesep=\dimen162
\belowbottomsep=\dimen163
\aboverulesep=\dimen164
\abovetopsep=\dimen165
\cmidrulesep=\dimen166
\cmidrulekern=\dimen167
\defaultaddspace=\dimen168
\@cmidla=\count277
\@cmidlb=\count278
\@aboverulesep=\dimen169
\@belowrulesep=\dimen170
\@thisruleclass=\count279
\@lastruleclass=\count280
\@thisrulewidth=\dimen171
)
(C:\Users\bdfxl\AppData\Local\Programs\MiKTeX\tex/latex/multirow\multirow.sty
Package: multirow 2024/11/12 v2.9 Span multiple rows of a table
\multirow@colwidth=\skip98
\multirow@cntb=\count281
\multirow@dima=\skip99
\bigstrutjot=\dimen172
)
(C:\Users\bdfxl\AppData\Local\Programs\MiKTeX\tex/latex/hyperref\hyperref.sty
Package: hyperref 2023-11-26 v7.01g Hypertext links for LaTeX

(C:\Users\bdfxl\AppData\Local\Programs\MiKTeX\tex/generic/infwarerr\infwarerr.s
ty
Package: infwarerr 2019/12/03 v1.5 Providing info/warning/error messages (HO)
)
(C:\Users\bdfxl\AppData\Local\Programs\MiKTeX\tex/latex/kvsetkeys\kvsetkeys.sty
Package: kvsetkeys 2022-10-05 v1.19 Key value parser (HO)
)
(C:\Users\bdfxl\AppData\Local\Programs\MiKTeX\tex/generic/kvdefinekeys\kvdefine
keys.sty
Package: kvdefinekeys 2019-12-19 v1.6 Define keys (HO)
)
(C:\Users\bdfxl\AppData\Local\Programs\MiKTeX\tex/generic/pdfescape\pdfescape.s
ty
Package: pdfescape 2019/12/09 v1.15 Implements pdfTeX's escape features (HO)

(C:\Users\bdfxl\AppData\Local\Programs\MiKTeX\tex/generic/ltxcmds\ltxcmds.sty
Package: ltxcmds 2023-12-04 v1.26 LaTeX kernel commands for general use (HO)
)
(C:\Users\bdfxl\AppData\Local\Programs\MiKTeX\tex/generic/pdftexcmds\pdftexcmds
.sty
Package: pdftexcmds 2020-06-27 v0.33 Utility functions of pdfTeX for LuaTeX (HO
)
Package pdftexcmds Info: \pdf@primitive is available.
Package pdftexcmds Info: \pdf@ifprimitive is available.
Package pdftexcmds Info: \pdfdraftmode found.
))
(C:\Users\bdfxl\AppData\Local\Programs\MiKTeX\tex/latex/hycolor\hycolor.sty
Package: hycolor 2020-01-27 v1.10 Color options for hyperref/bookmark (HO)
)
(C:\Users\bdfxl\AppData\Local\Programs\MiKTeX\tex/latex/letltxmacro\letltxmacro
.sty
Package: letltxmacro 2019/12/03 v1.6 Let assignment for LaTeX macros (HO)
)
(C:\Users\bdfxl\AppData\Local\Programs\MiKTeX\tex/latex/auxhook\auxhook.sty
Package: auxhook 2019-12-17 v1.6 Hooks for auxiliary files (HO)
)
(C:\Users\bdfxl\AppData\Local\Programs\MiKTeX\tex/latex/hyperref\nameref.sty
Package: nameref 2023-11-26 v2.56 Cross-referencing by name of section

(C:\Users\bdfxl\AppData\Local\Programs\MiKTeX\tex/latex/refcount\refcount.sty
Package: refcount 2019/12/15 v3.6 Data extraction from label references (HO)
)
(C:\Users\bdfxl\AppData\Local\Programs\MiKTeX\tex/generic/gettitlestring\gettit
lestring.sty
Package: gettitlestring 2019/12/15 v1.6 Cleanup title references (HO)

(C:\Users\bdfxl\AppData\Local\Programs\MiKTeX\tex/latex/kvoptions\kvoptions.sty
Package: kvoptions 2022-06-15 v3.15 Key value format for package options (HO)
))
\c@section@level=\count282
)
(C:\Users\bdfxl\AppData\Local\Programs\MiKTeX\tex/latex/etoolbox\etoolbox.sty
Package: etoolbox 2020/10/05 v2.5k e-TeX tools for LaTeX (JAW)
\etb@tempcnta=\count283
)
\@linkdim=\dimen173
\Hy@linkcounter=\count284
\Hy@pagecounter=\count285

(C:\Users\bdfxl\AppData\Local\Programs\MiKTeX\tex/latex/hyperref\pd1enc.def
File: pd1enc.def 2023-11-26 v7.01g Hyperref: PDFDocEncoding definition (HO)
Now handling font encoding PD1 ...
... no UTF-8 mapping file for font encoding PD1
)
(C:\Users\bdfxl\AppData\Local\Programs\MiKTeX\tex/generic/intcalc\intcalc.sty
Package: intcalc 2019/12/15 v1.3 Expandable calculations with integers (HO)
)
\Hy@SavedSpaceFactor=\count286

(C:\Users\bdfxl\AppData\Local\Programs\MiKTeX\tex/latex/hyperref\puenc.def
File: puenc.def 2023-11-26 v7.01g Hyperref: PDF Unicode definition (HO)
Now handling font encoding PU ...
... no UTF-8 mapping file for font encoding PU
)
Package hyperref Info: Option `unicode' set `true' on input line 4064.
Package hyperref Info: Hyper figures OFF on input line 4181.
Package hyperref Info: Link nesting OFF on input line 4186.
Package hyperref Info: Hyper index ON on input line 4189.
Package hyperref Info: Plain pages OFF on input line 4196.
Package hyperref Info: Backreferencing OFF on input line 4201.
Package hyperref Info: Implicit mode ON; LaTeX internals redefined.
Package hyperref Info: Bookmarks ON on input line 4448.
\c@Hy@tempcnt=\count287

(C:\Users\bdfxl\AppData\Local\Programs\MiKTeX\tex/latex/url\url.sty
\Urlmuskip=\muskip16
Package: url 2013/09/16  ver 3.4  Verb mode for urls, etc.
)
LaTeX Info: Redefining \url on input line 4786.
\XeTeXLinkMargin=\dimen174

(C:\Users\bdfxl\AppData\Local\Programs\MiKTeX\tex/generic/bitset\bitset.sty
Package: bitset 2019/12/09 v1.3 Handle bit-vector datatype (HO)

(C:\Users\bdfxl\AppData\Local\Programs\MiKTeX\tex/generic/bigintcalc\bigintcalc
.sty
Package: bigintcalc 2019/12/15 v1.5 Expandable calculations on big integers (HO
)
))
\Fld@menulength=\count288
\Field@Width=\dimen175
\Fld@charsize=\dimen176
Package hyperref Info: Hyper figures OFF on input line 6065.
Package hyperref Info: Link nesting OFF on input line 6070.
Package hyperref Info: Hyper index ON on input line 6073.
Package hyperref Info: backreferencing OFF on input line 6080.
Package hyperref Info: Link coloring OFF on input line 6085.
Package hyperref Info: Link coloring with OCG OFF on input line 6090.
Package hyperref Info: PDF/A mode OFF on input line 6095.

(C:\Users\bdfxl\AppData\Local\Programs\MiKTeX\tex/latex/base\atbegshi-ltx.sty
Package: atbegshi-ltx 2021/01/10 v1.0c Emulation of the original atbegshi
package with kernel methods
)
\Hy@abspage=\count289
\c@Item=\count290
\c@Hfootnote=\count291
)
Package hyperref Info: Driver (autodetected): hpdftex.
(C:\Users\bdfxl\AppData\Local\Programs\MiKTeX\tex/latex/hyperref\hpdftex.def
File: hpdftex.def 2023-11-26 v7.01g Hyperref driver for pdfTeX

(C:\Users\bdfxl\AppData\Local\Programs\MiKTeX\tex/latex/base\atveryend-ltx.sty
Package: atveryend-ltx 2020/08/19 v1.0a Emulation of the original atveryend pac
kage
with kernel methods
)
\Fld@listcount=\count292
\c@bookmark@seq@number=\count293

(C:\Users\bdfxl\AppData\Local\Programs\MiKTeX\tex/latex/rerunfilecheck\rerunfil
echeck.sty
Package: rerunfilecheck 2025-06-21 v1.11 Rerun checks for auxiliary files (HO)

(C:\Users\bdfxl\AppData\Local\Programs\MiKTeX\tex/generic/uniquecounter\uniquec
ounter.sty
Package: uniquecounter 2019/12/15 v1.4 Provide unlimited unique counter (HO)
)
Package uniquecounter Info: New unique counter `rerunfilecheck' on input line 2
84.
)
\Hy@SectionHShift=\skip100
)
(C:\Users\bdfxl\AppData\Local\Programs\MiKTeX\tex/latex/amsmath\amsmath.sty
Package: amsmath 2023/05/13 v2.17o AMS math features
\@mathmargin=\skip101

For additional information on amsmath, use the `?' option.
(C:\Users\bdfxl\AppData\Local\Programs\MiKTeX\tex/latex/amsmath\amstext.sty
Package: amstext 2021/08/26 v2.01 AMS text

(C:\Users\bdfxl\AppData\Local\Programs\MiKTeX\tex/latex/amsmath\amsgen.sty
File: amsgen.sty 1999/11/30 v2.0 generic functions
\@emptytoks=\toks23
\ex@=\dimen177
))
(C:\Users\bdfxl\AppData\Local\Programs\MiKTeX\tex/latex/amsmath\amsbsy.sty
Package: amsbsy 1999/11/29 v1.2d Bold Symbols
\pmbraise@=\dimen178
)
(C:\Users\bdfxl\AppData\Local\Programs\MiKTeX\tex/latex/amsmath\amsopn.sty
Package: amsopn 2022/04/08 v2.04 operator names
)
\inf@bad=\count294
LaTeX Info: Redefining \frac on input line 234.
\uproot@=\count295
\leftroot@=\count296
LaTeX Info: Redefining \overline on input line 399.
LaTeX Info: Redefining \colon on input line 410.
\classnum@=\count297
\DOTSCASE@=\count298
LaTeX Info: Redefining \ldots on input line 496.
LaTeX Info: Redefining \dots on input line 499.
LaTeX Info: Redefining \cdots on input line 620.
\Mathstrutbox@=\box55
\strutbox@=\box56
LaTeX Info: Redefining \big on input line 722.
LaTeX Info: Redefining \Big on input line 723.
LaTeX Info: Redefining \bigg on input line 724.
LaTeX Info: Redefining \Bigg on input line 725.
\big@size=\dimen179
LaTeX Font Info:    Redeclaring font encoding OML on input line 743.
LaTeX Font Info:    Redeclaring font encoding OMS on input line 744.
\macc@depth=\count299
LaTeX Info: Redefining \bmod on input line 905.
LaTeX Info: Redefining \pmod on input line 910.
LaTeX Info: Redefining \smash on input line 940.
LaTeX Info: Redefining \relbar on input line 970.
LaTeX Info: Redefining \Relbar on input line 971.
\c@MaxMatrixCols=\count300
\dotsspace@=\muskip17
\c@parentequation=\count301
\dspbrk@lvl=\count302
\tag@help=\toks24
\row@=\count303
\column@=\count304
\maxfields@=\count305
\andhelp@=\toks25
\eqnshift@=\dimen180
\alignsep@=\dimen181
\tagshift@=\dimen182
\tagwidth@=\dimen183
\totwidth@=\dimen184
\lineht@=\dimen185
\@envbody=\toks26
\multlinegap=\skip102
\multlinetaggap=\skip103
\mathdisplay@stack=\toks27
LaTeX Info: Redefining \[ on input line 2953.
LaTeX Info: Redefining \] on input line 2954.
)
(C:\Users\bdfxl\AppData\Local\Programs\MiKTeX\tex/latex/amsfonts\amssymb.sty
Package: amssymb 2013/01/14 v3.01 AMS font symbols

(C:\Users\bdfxl\AppData\Local\Programs\MiKTeX\tex/latex/amsfonts\amsfonts.sty
Package: amsfonts 2013/01/14 v3.01 Basic AMSFonts support
\symAMSa=\mathgroup4
\symAMSb=\mathgroup5
LaTeX Font Info:    Redeclaring math symbol \hbar on input line 98.
LaTeX Font Info:    Overwriting math alphabet `\mathfrak' in version `bold'
(Font)                  U/euf/m/n --> U/euf/b/n on input line 106.
)) (C:\Users\bdfxl\AppData\Local\Programs\MiKTeX\tex/latex/listings\listings.st
y
\lst@mode=\count306
\lst@gtempboxa=\box57
\lst@token=\toks28
\lst@length=\count307
\lst@currlwidth=\dimen186
\lst@column=\count308
\lst@pos=\count309
\lst@lostspace=\dimen187
\lst@width=\dimen188
\lst@newlines=\count310
\lst@lineno=\count311
\lst@maxwidth=\dimen189

(C:\Users\bdfxl\AppData\Local\Programs\MiKTeX\tex/latex/listings\lstmisc.sty
File: lstmisc.sty 2023/02/27 1.9 (Carsten Heinz)
\c@lstnumber=\count312
\lst@skipnumbers=\count313
\lst@framebox=\box58
)
(C:\Users\bdfxl\AppData\Local\Programs\MiKTeX\tex/latex/listings\listings.cfg
File: listings.cfg 2023/02/27 1.9 listings configuration
))
Package: listings 2023/02/27 1.9 (Carsten Heinz)
(C:\Users\bdfxl\AppData\Local\Programs\MiKTeX\tex/latex/xcolor\xcolor.sty
Package: xcolor 2023/11/15 v3.01 LaTeX color extensions (UK)

(C:\Users\bdfxl\AppData\Local\Programs\MiKTeX\tex/latex/graphics-cfg\color.cfg
File: color.cfg 2016/01/02 v1.6 sample color configuration
)
Package xcolor Info: Driver file: pdftex.def on input line 274.
(C:\Users\bdfxl\AppData\Local\Programs\MiKTeX\tex/latex/graphics\mathcolor.ltx)
Package xcolor Info: Model `cmy' substituted by `cmy0' on input line 1350.
Package xcolor Info: Model `hsb' substituted by `rgb' on input line 1354.
Package xcolor Info: Model `RGB' extended on input line 1366.
Package xcolor Info: Model `HTML' substituted by `rgb' on input line 1368.
Package xcolor Info: Model `Hsb' substituted by `hsb' on input line 1369.
Package xcolor Info: Model `tHsb' substituted by `hsb' on input line 1370.
Package xcolor Info: Model `HSB' substituted by `hsb' on input line 1371.
Package xcolor Info: Model `Gray' substituted by `gray' on input line 1372.
Package xcolor Info: Model `wave' substituted by `hsb' on input line 1373.
) (C:\Users\bdfxl\AppData\Local\Programs\MiKTeX\tex/latex/float\float.sty
Package: float 2001/11/08 v1.3d Float enhancements (AL)
\c@float@type=\count314
\float@exts=\toks29
\float@box=\box59
\@float@everytoks=\toks30
\@floatcapt=\box60
)
(C:\Users\bdfxl\AppData\Local\Programs\MiKTeX\tex/latex/caption\caption.sty
Package: caption 2023/08/05 v3.6o Customizing captions (AR)

(C:\Users\bdfxl\AppData\Local\Programs\MiKTeX\tex/latex/caption\caption3.sty
Package: caption3 2023/07/31 v2.4d caption3 kernel (AR)
\caption@tempdima=\dimen190
\captionmargin=\dimen191
\caption@leftmargin=\dimen192
\caption@rightmargin=\dimen193
\caption@width=\dimen194
\caption@indent=\dimen195
\caption@parindent=\dimen196
\caption@hangindent=\dimen197
Package caption Info: Standard document class detected.
)
\c@caption@flags=\count315
\c@continuedfloat=\count316
Package caption Info: float package is loaded.
Package caption Info: hyperref package is loaded.
Package caption Info: listings package is loaded.
)
(C:\Users\bdfxl\AppData\Local\Programs\MiKTeX\tex/latex/caption\subcaption.sty
Package: subcaption 2023/07/28 v1.6b Sub-captions (AR)
Package caption Info: New subtype `subfigure' on input line 238.
\c@subfigure=\count317
Package caption Info: New subtype `subtable' on input line 238.
\c@subtable=\count318
) (C:\Users\bdfxl\AppData\Local\Programs\MiKTeX\tex/latex/enumitem\enumitem.sty
Package: enumitem 2025/02/06 v3.11 Customized lists
\labelindent=\skip104
\enit@outerparindent=\dimen198
\enit@toks=\toks31
\enit@inbox=\box61
\enit@count@id=\count319
\enitdp@description=\count320
)
(C:\Users\bdfxl\AppData\Local\Programs\MiKTeX\tex/latex/algorithms\algorithm.st
y
Package: algorithm 2009/08/24 v0.1 Document Style `algorithm' - floating enviro
nment
 (C:\Users\bdfxl\AppData\Local\Programs\MiKTeX\tex/latex/base\ifthen.sty
Package: ifthen 2022/04/13 v1.1d Standard LaTeX ifthen package (DPC)
)
\@float@every@algorithm=\toks32
\c@algorithm=\count321
)
(C:\Users\bdfxl\AppData\Local\Programs\MiKTeX\tex/latex/algorithms\algorithmic.
sty
Package: algorithmic 2009/08/24 v0.1 Document Style `algorithmic'
\c@ALC@unique=\count322
\c@ALC@line=\count323
\c@ALC@rem=\count324
\c@ALC@depth=\count325
\ALC@tlm=\skip105
\algorithmicindent=\skip106
)
(C:\Users\bdfxl\AppData\Local\Programs\MiKTeX\tex/latex/setspace\setspace.sty
Package: setspace 2022/12/04 v6.7b set line spacing
)
(C:\Users\bdfxl\AppData\Local\Programs\MiKTeX\tex/latex/wrapfig\wrapfig.sty
\wrapoverhang=\dimen199
\WF@size=\dimen256
\c@WF@wrappedlines=\count326
\WF@box=\box62
\WF@everypar=\toks33
Package: wrapfig 2003/01/31  v 3.6
)
(C:\Users\bdfxl\AppData\Local\Programs\MiKTeX\tex/latex/listings\lstlang1.sty
File: lstlang1.sty 2023/02/27 1.9 listings language file
)
(C:\Users\bdfxl\AppData\Local\Programs\MiKTeX\tex/latex/cjk/UTF8\UTF8.enc
File: UTF8.enc 2021/10/16 4.8.5
)
(C:\Users\bdfxl\AppData\Local\Programs\MiKTeX\tex/latex/cjk/UTF8\UTF8.chr
File: UTF8.chr 2021/10/16 4.8.5
)
(Êñ∞ÈóªÂÆâÂÖ®.aux)
\openout1 = `Êñ∞ÈóªÂÆâÂÖ®.aux'.

LaTeX Font Info:    Checking defaults for OML/cmm/m/it on input line 76.
LaTeX Font Info:    ... okay on input line 76.
LaTeX Font Info:    Checking defaults for OMS/cmsy/m/n on input line 76.
LaTeX Font Info:    ... okay on input line 76.
LaTeX Font Info:    Checking defaults for OT1/cmr/m/n on input line 76.
LaTeX Font Info:    ... okay on input line 76.
LaTeX Font Info:    Checking defaults for T1/cmr/m/n on input line 76.
LaTeX Font Info:    ... okay on input line 76.
LaTeX Font Info:    Checking defaults for TS1/cmr/m/n on input line 76.
LaTeX Font Info:    ... okay on input line 76.
LaTeX Font Info:    Checking defaults for OMX/cmex/m/n on input line 76.
LaTeX Font Info:    ... okay on input line 76.
LaTeX Font Info:    Checking defaults for U/cmr/m/n on input line 76.
LaTeX Font Info:    ... okay on input line 76.
LaTeX Font Info:    Checking defaults for C00/song/m/n on input line 76.
LaTeX Font Info:    ... okay on input line 76.
LaTeX Font Info:    Checking defaults for C05/song/m/n on input line 76.
LaTeX Font Info:    ... okay on input line 76.
LaTeX Font Info:    Checking defaults for C09/song/m/n on input line 76.
LaTeX Font Info:    ... okay on input line 76.
LaTeX Font Info:    Checking defaults for C10/song/m/n on input line 76.
LaTeX Font Info:    ... okay on input line 76.
LaTeX Font Info:    Checking defaults for C20/song/m/n on input line 76.
LaTeX Font Info:    ... okay on input line 76.
LaTeX Font Info:    Checking defaults for C19/song/m/n on input line 76.
LaTeX Font Info:    ... okay on input line 76.
LaTeX Font Info:    Checking defaults for C40/song/m/n on input line 76.
LaTeX Font Info:    ... okay on input line 76.
LaTeX Font Info:    Checking defaults for C42/song/m/n on input line 76.
LaTeX Font Info:    ... okay on input line 76.
LaTeX Font Info:    Checking defaults for C43/song/m/n on input line 76.
LaTeX Font Info:    ... okay on input line 76.
LaTeX Font Info:    Checking defaults for C50/song/m/n on input line 76.
LaTeX Font Info:    ... okay on input line 76.
LaTeX Font Info:    Checking defaults for C52/song/m/n on input line 76.
LaTeX Font Info:    ... okay on input line 76.
LaTeX Font Info:    Checking defaults for C49/song/m/n on input line 76.
LaTeX Font Info:    ... okay on input line 76.
LaTeX Font Info:    Checking defaults for C60/mj/m/n on input line 76.
LaTeX Font Info:    ... okay on input line 76.
LaTeX Font Info:    Checking defaults for C61/mj/m/n on input line 76.
LaTeX Font Info:    ... okay on input line 76.
LaTeX Font Info:    Checking defaults for C63/mj/m/n on input line 76.
LaTeX Font Info:    ... okay on input line 76.
LaTeX Font Info:    Checking defaults for C64/mj/m/n on input line 76.
LaTeX Font Info:    ... okay on input line 76.
LaTeX Font Info:    Checking defaults for C65/mj/m/n on input line 76.
LaTeX Font Info:    ... okay on input line 76.
LaTeX Font Info:    Checking defaults for C70/song/m/n on input line 76.
LaTeX Font Info:    ... okay on input line 76.
LaTeX Font Info:    Checking defaults for C31/song/m/n on input line 76.
LaTeX Font Info:    ... okay on input line 76.
LaTeX Font Info:    Checking defaults for C32/song/m/n on input line 76.
LaTeX Font Info:    ... okay on input line 76.
LaTeX Font Info:    Checking defaults for C33/song/m/n on input line 76.
LaTeX Font Info:    ... okay on input line 76.
LaTeX Font Info:    Checking defaults for C34/song/m/n on input line 76.
LaTeX Font Info:    ... okay on input line 76.
LaTeX Font Info:    Checking defaults for C35/song/m/n on input line 76.
LaTeX Font Info:    ... okay on input line 76.
LaTeX Font Info:    Checking defaults for C36/song/m/n on input line 76.
LaTeX Font Info:    ... okay on input line 76.
LaTeX Font Info:    Checking defaults for C37/song/m/n on input line 76.
LaTeX Font Info:    ... okay on input line 76.
LaTeX Font Info:    Checking defaults for C80/song/m/n on input line 76.
LaTeX Font Info:    ... okay on input line 76.
LaTeX Font Info:    Checking defaults for C81/song/m/n on input line 76.
LaTeX Font Info:    ... okay on input line 76.
LaTeX Font Info:    Checking defaults for C01/song/m/n on input line 76.
LaTeX Font Info:    ... okay on input line 76.
LaTeX Font Info:    Checking defaults for C11/song/m/n on input line 76.
LaTeX Font Info:    ... okay on input line 76.
LaTeX Font Info:    Checking defaults for C21/song/m/n on input line 76.
LaTeX Font Info:    ... okay on input line 76.
LaTeX Font Info:    Checking defaults for C41/song/m/n on input line 76.
LaTeX Font Info:    ... okay on input line 76.
LaTeX Font Info:    Checking defaults for C62/song/m/n on input line 76.
LaTeX Font Info:    ... okay on input line 76.
LaTeX Font Info:    Checking defaults for PD1/pdf/m/n on input line 76.
LaTeX Font Info:    ... okay on input line 76.
LaTeX Font Info:    Checking defaults for PU/pdf/m/n on input line 76.
LaTeX Font Info:    ... okay on input line 76.

*geometry* driver: auto-detecting
*geometry* detected driver: pdftex
*geometry* verbose mode - [ preamble ] result:
* driver: pdftex
* paper: a4paper
* layout: <same size as paper>
* layoutoffset:(h,v)=(0.0pt,0.0pt)
* modes: 
* h-part:(L,W,R)=(71.13188pt, 455.24411pt, 71.13188pt)
* v-part:(T,H,B)=(71.13188pt, 702.78308pt, 71.13188pt)
* \paperwidth=597.50787pt
* \paperheight=845.04684pt
* \textwidth=455.24411pt
* \textheight=702.78308pt
* \oddsidemargin=-1.1381pt
* \evensidemargin=-1.1381pt
* \topmargin=-41.1381pt
* \headheight=15.0pt
* \headsep=25.0pt
* \topskip=12.0pt
* \footskip=30.0pt
* \marginparwidth=35.0pt
* \marginparsep=10.0pt
* \columnsep=10.0pt
* \skip\footins=10.8pt plus 4.0pt minus 2.0pt
* \hoffset=0.0pt
* \voffset=0.0pt
* \mag=1000
* \@twocolumnfalse
* \@twosidefalse
* \@mparswitchfalse
* \@reversemarginfalse
* (1in=72.27pt=25.4mm, 1cm=28.453pt)


(C:\Users\bdfxl\AppData\Local\Programs\MiKTeX\tex/context/base/mkii\supp-pdf.mk
ii
[Loading MPS to PDF converter (version 2006.09.02).]
\scratchcounter=\count327
\scratchdimen=\dimen257
\scratchbox=\box63
\nofMPsegments=\count328
\nofMParguments=\count329
\everyMPshowfont=\toks34
\MPscratchCnt=\count330
\MPscratchDim=\dimen258
\MPnumerator=\count331
\makeMPintoPDFobject=\count332
\everyMPtoPDFconversion=\toks35
)
(C:\Users\bdfxl\AppData\Local\Programs\MiKTeX\tex/latex/epstopdf-pkg\epstopdf-b
ase.sty
Package: epstopdf-base 2020-01-24 v2.11 Base part for package epstopdf
Package epstopdf-base Info: Redefining graphics rule for `.eps' on input line 4
85.

(C:\Users\bdfxl\AppData\Local\Programs\MiKTeX\tex/latex/00miktex\epstopdf-sys.c
fg
File: epstopdf-sys.cfg 2021/03/18 v2.0 Configuration of epstopdf for MiKTeX
))
Package hyperref Info: Link coloring OFF on input line 76.
 (Êñ∞ÈóªÂÆâÂÖ®.out) (Êñ∞ÈóªÂÆâÂÖ®.out)
\@outlinefile=\write3
\openout3 = `Êñ∞ÈóªÂÆâÂÖ®.out'.

\c@lstlisting=\count333
Package caption Info: Begin \AtBeginDocument code.
Package caption Info: wrapfig package is loaded.
Package caption Info: End \AtBeginDocument code.
LaTeX Font Info:    Trying to load font information for C70+rm on input line 82
.

(C:\Users\bdfxl\AppData\Local\Programs\MiKTeX\tex/latex/ctex/fd\c70rm.fd
File: c70rm.fd 2022/07/14 v2.5.10 Chinese font definition (CTEX)
)
Package CJKpunct Info: use punctuation spaces for family 'rm' with punctstyle (
quanjiao) on input line 86.

(C:\Users\bdfxl\AppData\Local\Programs\MiKTeX\tex/generic/ctex/zhmap\ctex-zhmap
-windows.tex
File: ctex-zhmap-windows.tex 2022/07/14 v2.5.10 Windows font map loader for pdf
TeX and DVIPDFMx (CTEX)
{C:/Users/bdfxl/AppData/Local/MiKTeX/fonts/map/pdftex/pdftex.map}{UGBK.sfd}{Uni
code.sfd}) [1

] (Êñ∞ÈóªÂÆâÂÖ®.toc
LaTeX Font Info:    Trying to load font information for U+msa on input line 1.

(C:\Users\bdfxl\AppData\Local\Programs\MiKTeX\tex/latex/amsfonts\umsa.fd
File: umsa.fd 2013/01/14 v3.01 AMS symbols A
)
LaTeX Font Info:    Trying to load font information for U+msb on input line 1.

(C:\Users\bdfxl\AppData\Local\Programs\MiKTeX\tex/latex/amsfonts\umsb.fd
File: umsb.fd 2013/01/14 v3.01 AMS symbols B
)
pdfTeX warning (ext4): destination with the same identifier (name{page.1}) has 
been already used, duplicate ignored
<to be read again> 
                   \relax 
l.35 ...}ÊñπÊ≥ïÂ≠¶ÈôêÂà∂}{21}{subsubsection.4.2.2}
                                                  % [1])
\tf@toc=\write4
\openout4 = `Êñ∞ÈóªÂÆâÂÖ®.toc'.

 [2] [3]
<American_mystical_content.png, id=462, 662.475pt x 626.34pt>
File: American_mystical_content.png Graphic file (type png)
<use American_mystical_content.png>
Package pdftex.def Info: American_mystical_content.png  used on input line 129.

(pdftex.def)             Requested size: 318.66948pt x 301.2801pt.

pdfTeX warning (ext4): destination with the same identifier (name{page.1}) has 
been already used, duplicate ignored
<to be read again> 
                   \relax 
l.141     \item ‰
                 ∏çÂêåÁ±ªÂûãÁöÑÂÜÖÂÆπÂàõ‰ΩúËÄÖÔºàÂ¶ÇÂæÆÂçöÂçö‰∏ª‰∏éBÁ´ôUP‰∏ª...
[1 <./American_mystical_content.png (PNG copy)>]
pdfTeX warning (ext4): destination with the same identifier (name{page.2}) has 
been already used, duplicate ignored
<to be read again> 
                   \relax 
l.182 
       [2]
pdfTeX warning (ext4): destination with the same identifier (name{page.3}) has 
been already used, duplicate ignored
<to be read again> 
                   \relax 
l.237 \end{table}
                  [3]
Package hyperref Info: bookmark level for unknown algorithm defaults to 0 on in
put line 247.
 [4]
Overfull \hbox (6.69986pt too wide) in paragraph at lines 295--296
[]\C70/rm/bx/n/12/8b ƒ \C70/rm/bx/n/12/52 ^^F \C70/rm/bx/n/12/65 π \C70/rm/bx/n
/12/6c ’|\C70/rm/m/n/12/ff ^^Z| \C70/rm/m/n/12/54 ^^D \C70/rm/m/n/12/7e Ù \C70/
rm/m/n/12/5e ¶ \C70/rm/m/n/12/72 Ï \C70/rm/m/n/12/7a À \C70/rm/m/n/12/8b ƒ \C70
/rm/m/n/12/52 ^^F \C70/rm/m/n/12/54 ^^N \C70/rm/m/n/12/52 † \C70/rm/m/n/12/67 C
 \C70/rm/m/n/12/5e s \C70/rm/m/n/12/57 G|\C70/rm/m/n/12/ff ^^L| \C70/rm/m/n/12/
67 C \C70/rm/m/n/12/91 Õ \C70/rm/m/n/12/52 ^^F \C70/rm/m/n/12/91 M \C70/rm/m/n/
12/4e : \C70/rm/m/n/12/51 Ö \C70/rm/m/n/12/5b π\OT1/cmr/m/n/12 40%|\C70/rm/m/n/
12/ff ^^L| \C70/rm/m/n/12/4f   \C70/rm/m/n/12/64 ≠\OT1/cmr/m/n/12 35%|\C70/rm/m
/n/12/ff ^^L| \C70/rm/m/n/12/5f √ \C70/rm/m/n/12/74 ^^F\OT1/cmr/m/n/12 25%|\C70
/rm/m/n/12/30 ^^B|
 []

[5]
<weibo-search-master/weibo/weibo_scenario_dependence.png, id=559, 569.2467pt x 
354.8457pt>
File: weibo-search-master/weibo/weibo_scenario_dependence.png Graphic file (typ
e png)
<use weibo-search-master/weibo/weibo_scenario_dependence.png>
Package pdftex.def Info: weibo-search-master/weibo/weibo_scenario_dependence.pn
g  used on input line 323.
(pdftex.def)             Requested size: 386.96027pt x 241.22148pt.

Underfull \hbox (badness 3428) in paragraph at lines 324--324
[]\C70/rm/m/n/12/56 ˛ \OT1/cmr/m/n/12 2: |\C70/rm/m/n/12/5f Æ \C70/rm/m/n/12/53
 Z \C70/rm/m/n/12/54 ^^D \C70/rm/m/n/12/51 ≥ \C70/rm/m/n/12/7b V \C70/rm/m/n/12
/57 : \C70/rm/m/n/12/66 o \C70/rm/m/n/12/79 ^ ÿ \C70/rm/m/n/12/4f ù \C70/rm/m/n
/12/8d V \C70/rm/m/n/12/63 ^^G \C70/rm/m/n/12/65 p |\C70/rm/m/n/12/ff ^^H|\C70/
rm/m/n/12/8b ° \C70/rm/m/n/12/7b ó \C70/rm/m/n/12/65 π \C70/rm/m/n/12/6c ’|\C70
/rm/m/n/12/ff ^^Z| \OT1/cmr/m/n/12 MDI=0.4\TS1/cmr/m/n/12 ÷\OT1/cmr/m/n/12 Z(\C
70/rm/m/n/12/79 ^ ÿ \C70/rm/m/n/12/8b Õ \C70/rm/m/n/12/6c G \C70/rm/m/n/12/5b ∆

 []

<weibo-search-master/weibo/weibo_scenario_distribution.png, id=562, 699.0918pt 
x 715.473pt>
File: weibo-search-master/weibo/weibo_scenario_distribution.png Graphic file (t
ype png)
<use weibo-search-master/weibo/weibo_scenario_distribution.png>
Package pdftex.def Info: weibo-search-master/weibo/weibo_scenario_distribution.
png  used on input line 334.
(pdftex.def)             Requested size: 218.51521pt x 223.62843pt.
<weibo-search-master/weibo/weibo_scenario_sentiment.png, id=564, 571.1739pt x 3
55.0866pt>
File: weibo-search-master/weibo/weibo_scenario_sentiment.png Graphic file (type
 png)
<use weibo-search-master/weibo/weibo_scenario_sentiment.png>
Package pdftex.def Info: weibo-search-master/weibo/weibo_scenario_sentiment.png
  used on input line 341.
(pdftex.def)             Requested size: 218.51521pt x 135.84454pt.
[6 <./weibo-search-master/weibo/weibo_scenario_dependence.png>]
Overfull \hbox (8.59123pt too wide) in paragraph at lines 347--348
\C70/rm/m/n/12/51 v \C70/rm/m/n/12/4e ÷ \C70/rm/m/n/12/7c { \C70/rm/m/n/12/52 +
|\C70/rm/m/n/12/ff ^^L| \C70/rm/m/n/12/66 / \C70/rm/m/n/12/7b , \C70/rm/m/n/12/
4e å \C70/rm/m/n/12/59 ' \C70/rm/m/n/12/7c { \C70/rm/m/n/12/52 + |\C70/rm/m/n/1
2/20 ^^\|\C70/rm/m/n/12/60 ≈ \C70/rm/m/n/12/61 ^^_|\C70/rm/m/n/12/20 ^^]||\C70/
rm/m/n/12/ff ^^H|\OT1/cmr/m/n/12 Emotion|\C70/rm/m/n/12/ff ^^L| \OT1/cmr/m/n/12
 22.9%|\C70/rm/m/n/12/ff ^^L| \OT1/cmr/m/n/12 222\C70/rm/m/n/12/67 a|\C70/rm/m/
n/12/ff 	| \C70/rm/m/n/12/76 Ñ \C70/rm/m/n/12/8f — \C70/rm/m/n/12/4e $ \C70/rm/
m/n/12/50 ^^M|\C70/rm/m/n/12/30 ^^B||\C70/rm/m/n/12/20 ^^\|\C70/rm/m/n/12/5b f 
\C70/rm/m/n/12/4e ^^Z|\C70/rm/m/n/12/20 ^^]||\C70/rm/m/n/12/ff ^^H|\OT1/cmr/m/n
/12 Study|\C70/rm/m/n/12/ff ^^L|
 []

<bilibili/scene_ratio_bar_en.png, id=577, 578.16pt x 361.35pt>
File: bilibili/scene_ratio_bar_en.png Graphic file (type png)
<use bilibili/scene_ratio_bar_en.png>
Package pdftex.def Info: bilibili/scene_ratio_bar_en.png  used on input line 35
5.
(pdftex.def)             Requested size: 386.96027pt x 241.84961pt.
[7 <./weibo-search-master/weibo/weibo_scenario_distribution.png> <./weibo-searc
h-master/weibo/weibo_scenario_sentiment.png>]
<bilibili/scene_ratio_pie_en.png, id=588, 433.62pt x 433.62pt>
File: bilibili/scene_ratio_pie_en.png Graphic file (type png)
<use bilibili/scene_ratio_pie_en.png>
Package pdftex.def Info: bilibili/scene_ratio_pie_en.png  used on input line 36
6.
(pdftex.def)             Requested size: 218.51521pt x 218.51653pt.
<bilibili/other_subscene_bar_en.png, id=589, 578.16pt x 361.35pt>
File: bilibili/other_subscene_bar_en.png Graphic file (type png)
<use bilibili/other_subscene_bar_en.png>
Package pdftex.def Info: bilibili/other_subscene_bar_en.png  used on input line
 373.
(pdftex.def)             Requested size: 218.51521pt x 136.57007pt.
 [8 <./bilibili/scene_ratio_bar_en.png>]
Overfull \hbox (43.18358pt too wide) in paragraph at lines 383--384
\C70/rm/m/n/12/52 ^^F \C70/rm/m/n/12/67 ê \C70/rm/m/n/12/53 — \C70/rm/m/n/12/73
 ∞|\C70/rm/m/n/12/ff ^^L| \C70/rm/m/n/12/51 v \C70/rm/m/n/12/4e -\OT1/cmr/bx/n/
12 96.67% |\C70/rm/m/n/12/ff ^^H|\OT1/cmr/m/n/12 58\C70/rm/m/n/12/4e * \C70/rm/
m/n/12/89 ∆ \C70/rm/m/n/12/98 ë|\C70/rm/m/n/12/ff 	| \C70/rm/m/n/12/76 Ñ \C70/r
m/m/n/12/51 Ö \C70/rm/m/n/12/5b π \C70/rm/m/n/12/88 ´ \C70/rm/m/n/12/5f R \C70/
rm/m/n/12/7c { \C70/rm/m/n/12/4e :\OT1/cmr/m/n/12 "\C70/rm/m/n/12/67 B \C70/rm/
m/n/12/98 y |\C70/rm/m/n/12/ff ^^H|\OT1/cmr/m/n/12 Misc|\C70/rm/m/n/12/ff 	| \O
T1/cmr/m/n/12 "|\C70/rm/m/n/12/ff ^^L| \C70/rm/m/n/12/80 ^^L\OT1/cmr/m/n/12 "\C
70/rm/m/n/12/6d à \C70/rm/m/n/12/8d 9 |\C70/rm/m/n/12/ff ^^H|\OT1/cmr/m/n/12 Co
nsumption|\C70/rm/m/n/12/ff 	|
 []

<bilibili/other_subscene_pie_en.png, id=600, 433.62pt x 433.62pt>
File: bilibili/other_subscene_pie_en.png Graphic file (type png)
<use bilibili/other_subscene_pie_en.png>
Package pdftex.def Info: bilibili/other_subscene_pie_en.png  used on input line
 387.
(pdftex.def)             Requested size: 364.19667pt x 364.21185pt.
[9 <./bilibili/scene_ratio_pie_en.png> <./bilibili/other_subscene_bar_en.png>]
<weibo-search-master/weibo/weibo_clustering_results.png, id=614, 1148.3703pt x 
859.0494pt>
File: weibo-search-master/weibo/weibo_clustering_results.png Graphic file (type
 png)
<use weibo-search-master/weibo/weibo_clustering_results.png>
Package pdftex.def Info: weibo-search-master/weibo/weibo_clustering_results.png
  used on input line 407.
(pdftex.def)             Requested size: 432.48051pt x 323.51907pt.

[10 <./bilibili/other_subscene_pie_en.png>]
Overfull \hbox (18.69304pt too wide) in paragraph at lines 412--413
[]\C70/rm/bx/n/12/65 p \C70/rm/bx/n/12/63 n \C70/rm/bx/n/12/52 ^^F \C70/rm/bx/n
/12/67 ê|\C70/rm/m/n/12/ff ^^Z| \C70/rm/m/n/12/59 Ç \C70/rm/m/n/12/56 ˛[]\OT1/c
mr/m/n/12 7[]\C70/rm/m/n/12/62 @ \C70/rm/m/n/12/79 :|\C70/rm/m/n/12/ff ^^L| \C7
0/rm/m/n/12/90 ^^Z \C70/rm/m/n/12/8f «\OT1/cmr/m/n/12 K-means\C70/rm/m/n/12/80 
Z \C70/rm/m/n/12/7c { \C70/rm/m/n/12/5c ^^F \C70/rm/m/n/12/5f Æ \C70/rm/m/n/12/
53 Z \C70/rm/m/n/12/75 ( \C70/rm/m/n/12/62 7 \C70/rm/m/n/12/52 ^^F \C70/rm/m/n/
12/4e : 	 \C70/rm/m/n/12/7c {|\C70/rm/m/n/12/ff ^^Z| \C70/rm/m/n/12/5f √ \C70/r
m/m/n/12/74 ^^F \C70/rm/m/n/12/61 p \C70/rm/m/n/12/85 … \C70/rm/m/n/12/57 ã |\C
70/rm/m/n/12/ff ^^H|\OT1/cmr/m/n/12 25.8%|\C70/rm/m/n/12/ff 	||\C70/rm/m/n/12/3
0 ^^A|
 []

<weibo-search-master/weibo/user_portrait_radar.png, id=624, 712.1004pt x 577.91
91pt>
File: weibo-search-master/weibo/user_portrait_radar.png Graphic file (type png)

<use weibo-search-master/weibo/user_portrait_radar.png>
Package pdftex.def Info: weibo-search-master/weibo/user_portrait_radar.png  use
d on input line 420.
(pdftex.def)             Requested size: 218.51521pt x 177.33649pt.
<weibo-search-master/weibo/user_portrait_heatmap.png, id=625, 803.4015pt x 570.
933pt>
File: weibo-search-master/weibo/user_portrait_heatmap.png Graphic file (type pn
g)
<use weibo-search-master/weibo/user_portrait_heatmap.png>
Package pdftex.def Info: weibo-search-master/weibo/user_portrait_heatmap.png  u
sed on input line 427.
(pdftex.def)             Requested size: 218.51521pt x 155.28648pt.
<weibo-search-master/weibo/user_portrait_stacked_bar.png, id=626, 715.2321pt x 
426.393pt>
File: weibo-search-master/weibo/user_portrait_stacked_bar.png Graphic file (typ
e png)
<use weibo-search-master/weibo/user_portrait_stacked_bar.png>
Package pdftex.def Info: weibo-search-master/weibo/user_portrait_stacked_bar.pn
g  used on input line 434.
(pdftex.def)             Requested size: 218.51521pt x 130.26762pt.
<weibo-search-master/weibo/user_portrait_time_features.png, id=627, 714.9912pt 
x 426.1521pt>
File: weibo-search-master/weibo/user_portrait_time_features.png Graphic file (t
ype png)
<use weibo-search-master/weibo/user_portrait_time_features.png>
Package pdftex.def Info: weibo-search-master/weibo/user_portrait_time_features.
png  used on input line 441.
(pdftex.def)             Requested size: 218.51521pt x 130.23955pt.
[11 <./weibo-search-master/weibo/weibo_clustering_results.png>]
<weibo-search-master/weibo/user_portrait_boxplot.png, id=638, 1004.7939pt x 722
.7pt>
File: weibo-search-master/weibo/user_portrait_boxplot.png Graphic file (type pn
g)
<use weibo-search-master/weibo/user_portrait_boxplot.png>
Package pdftex.def Info: weibo-search-master/weibo/user_portrait_boxplot.png  u
sed on input line 453.
(pdftex.def)             Requested size: 364.19667pt x 261.94722pt.
 [12 <./weibo-search-master/weibo/user_portrait_radar.png> <./weibo-search-mast
er/weibo/user_portrait_heatmap.png> <./weibo-search-master/weibo/user_portrait_
stacked_bar.png> <./weibo-search-master/weibo/user_portrait_time_features.png>]
<weibo-search-master/weibo/weibo_user_clustering.png, id=649, 611.4042pt x 427.
1157pt>
File: weibo-search-master/weibo/weibo_user_clustering.png Graphic file (type pn
g)
<use weibo-search-master/weibo/weibo_user_clustering.png>
Package pdftex.def Info: weibo-search-master/weibo/weibo_user_clustering.png  u
sed on input line 462.
(pdftex.def)             Requested size: 364.19667pt x 254.427pt.
 [13 <./weibo-search-master/weibo/user_portrait_boxplot.png> <./weibo-search-ma
ster/weibo/weibo_user_clustering.png>]
<weibo-search-master/weibo/blogger_enhanced_assessment.png, id=659, 1450.9407pt
 x 853.0269pt>
File: weibo-search-master/weibo/blogger_enhanced_assessment.png Graphic file (t
ype png)
<use weibo-search-master/weibo/blogger_enhanced_assessment.png>
Package pdftex.def Info: weibo-search-master/weibo/blogger_enhanced_assessment.
png  used on input line 500.
(pdftex.def)             Requested size: 432.48051pt x 254.25699pt.
 [14]
Overfull \hbox (15.8511pt too wide) in paragraph at lines 527--528
[]\C70/rm/bx/n/12/4e ^^M \C70/rm/bx/n/12/8d ≥|\C70/rm/m/n/12/ff ^^Z| \C70/rm/m/
n/12/74 ^^F \C70/rm/m/n/12/60 ' \C70/rm/m/n/12/52 ^^F \C70/rm/m/n/12/67 ê \C70/
rm/m/n/12/51 Ö \C70/rm/m/n/12/5b π \C70/rm/m/n/12/53 ` \C70/rm/m/n/12/6b ‘\OT1/
cmr/m/n/12 34.6%|\C70/rm/m/n/12/ff ^^L| \C70/rm/m/n/12/5f √ \C70/rm/m/n/12/74 ^
^F \C70/rm/m/n/12/61 p \C70/rm/m/n/12/85 … \C70/rm/m/n/12/51 Ö \C70/rm/m/n/12/5
b π \C70/rm/m/n/12/53 ` \C70/rm/m/n/12/6b ‘\OT1/cmr/m/n/12 10.5%|\C70/rm/m/n/12
/ff ^^L| \C70/rm/m/n/12/88 L \C70/rm/m/n/12/52 ® \C70/rm/m/n/12/63 ^^G \C70/rm/
m/n/12/5b ¸ \C70/rm/m/n/12/51 Ö \C70/rm/m/n/12/5b π \C70/rm/m/n/12/53 ` \C70/rm
/m/n/12/6b ‘\OT1/cmr/m/n/12 18.3%|\C70/rm/m/n/12/ff ^^L|
 []

[15 <./weibo-search-master/weibo/blogger_enhanced_assessment.png>]
<weibo-search-master/weibo/content_theme_distribution.png, id=675, 1047.1923pt 
x 425.9112pt>
File: weibo-search-master/weibo/content_theme_distribution.png Graphic file (ty
pe png)
<use weibo-search-master/weibo/content_theme_distribution.png>
Package pdftex.def Info: weibo-search-master/weibo/content_theme_distribution.p
ng  used on input line 549.
(pdftex.def)             Requested size: 218.51521pt x 88.87209pt.
<weibo-search-master/weibo/emotion_radar.png, id=676, 704.1507pt x 577.9191pt>
File: weibo-search-master/weibo/emotion_radar.png Graphic file (type png)
<use weibo-search-master/weibo/emotion_radar.png>
Package pdftex.def Info: weibo-search-master/weibo/emotion_radar.png  used on i
nput line 556.
(pdftex.def)             Requested size: 218.51521pt x 179.33824pt.
<bilibili/longnv_enhanced_assessment.png, id=679, 1393.1247pt x 852.786pt>
File: bilibili/longnv_enhanced_assessment.png Graphic file (type png)
<use bilibili/longnv_enhanced_assessment.png>
Package pdftex.def Info: bilibili/longnv_enhanced_assessment.png  used on input
 line 573.
(pdftex.def)             Requested size: 432.48051pt x 264.73828pt.
 [16 <./weibo-search-master/weibo/content_theme_distribution.png> <./weibo-sear
ch-master/weibo/emotion_radar.png>] [17 <./bilibili/longnv_enhanced_assessment.
png>]
<bilibili/content_theme_distribution.png, id=698, 1249.0665pt x 570.2103pt>
File: bilibili/content_theme_distribution.png Graphic file (type png)
<use bilibili/content_theme_distribution.png>
Package pdftex.def Info: bilibili/content_theme_distribution.png  used on input
 line 620.
(pdftex.def)             Requested size: 364.19667pt x 166.25291pt.

Overfull \hbox (3.21555pt too wide) in paragraph at lines 625--626
[]\C70/rm/bx/n/12/65 p \C70/rm/bx/n/12/63 n \C70/rm/bx/n/12/52 ^^F \C70/rm/bx/n
/12/67 ê|\C70/rm/m/n/12/ff ^^Z| \C70/rm/m/n/12/59 Ç \C70/rm/m/n/12/56 ˛[]\OT1/c
mr/m/n/12 14[]\C70/rm/m/n/12/62 @ \C70/rm/m/n/12/79 :|\C70/rm/m/n/12/ff ^^L| \C
70/rm/m/n/12/51 Ö \C70/rm/m/n/12/5b π \C70/rm/m/n/12/4e ; \C70/rm/m/n/12/98 ò \
C70/rm/m/n/12/9a ÿ \C70/rm/m/n/12/5e ¶ \C70/rm/m/n/12/96 ∆ \C70/rm/m/n/12/4e - 
\C70/rm/m/n/12/57 ( \C70/rm/m/n/12/60 ≈ \C70/rm/m/n/12/61 ^^_ \C70/rm/m/n/12/54
 ® \C70/rm/m/n/12/8b ‚ \C70/rm/m/n/12/98 Ü \C70/rm/m/n/12/57 ﬂ|\C70/rm/m/n/12/3
0 ^^B| \OT1/cmr/m/n/12 "\C70/rm/m/n/12/67 * e \C70/rm/m/n/12/8d p \C70/rm/m/n/1
2/54 ^^Q\OT1/cmr/m/n/12 " |\C70/rm/m/n/12/ff ^^H|\OT1/cmr/m/n/12 31.6%|\C70/rm/
m/n/12/ff 	||\C70/rm/m/n/12/30 ^^A|
 []

<bilibili/interaction_patterns.png, id=700, 856.3995pt x 425.9112pt>
File: bilibili/interaction_patterns.png Graphic file (type png)
<use bilibili/interaction_patterns.png>
Package pdftex.def Info: bilibili/interaction_patterns.png  used on input line 
629.
(pdftex.def)             Requested size: 364.19667pt x 181.12358pt.
[18 <./bilibili/content_theme_distribution.png>]
<bilibili/emotion_radar.png, id=709, 1050.8058pt x 425.6703pt>
File: bilibili/emotion_radar.png Graphic file (type png)
<use bilibili/emotion_radar.png>
Package pdftex.def Info: bilibili/emotion_radar.png  used on input line 638.
(pdftex.def)             Requested size: 318.66948pt x 129.09204pt.
 [19 <./bilibili/interaction_patterns.png> <./bilibili/emotion_radar.png>]
Overfull \hbox (10.1005pt too wide) in paragraph at lines 654--655
\C70/rm/m/n/12/4e K |\C70/rm/m/n/12/ff ^^H|\OT1/cmr/m/n/12 0.4653|\C70/rm/m/n/1
2/ff 	||^^L| \C70/rm/m/n/12/80 ^^L \C70/rm/m/n/12/53 U \C70/rm/m/n/12/4e ^^@ \C
70/rm/m/n/12/57 : \C70/rm/m/n/12/66 o \C70/rm/m/n/12/59 Ç\OT1/cmr/m/n/12 "\C70/
rm/m/n/12/80 L \C70/rm/m/n/12/4e ^^Z\OT1/cmr/m/n/12 "\C70/rm/m/n/12/54 å\OT1/cm
r/m/n/12 "\C70/rm/m/n/12/5b f \C70/rm/m/n/12/4e ^^Z\OT1/cmr/m/n/12 "\C70/rm/m/n
/12/76 Ñ \C70/rm/m/n/12/4f ù \C70/rm/m/n/12/8d V \C70/rm/m/n/12/63 ^^G \C70/rm/
m/n/12/65 p \C70/rm/m/n/12/57 G \C70/rm/m/n/12/4e : \C70/rm/m/n/12/8d ^^_ \C70/
rm/m/n/12/50 < |\C70/rm/m/n/12/ff ^^H|\C70/rm/m/n/12/52 ^^F + \C70/rm/m/n/12/4e
 :\OT1/cmr/m/n/12 -0.2422\C70/rm/m/n/12/54 å\OT1/cmr/m/n/12 -
 []

[20] [21]
Overfull \hbox (20.66275pt too wide) in paragraph at lines 721--722
[]\C70/rm/bx/n/12/57 : \C70/rm/bx/n/12/66 o \C70/rm/bx/n/12/4f ù \C70/rm/bx/n/1
2/8d V \C70/rm/bx/n/12/52 ^^F \C70/rm/bx/n/12/53 ^^V \C70/rm/bx/n/12/66 ^^N >|\
C70/rm/m/n/12/ff ^^Z| \C70/rm/m/n/12/5f Æ \C70/rm/m/n/12/53 Z \C70/rm/m/n/12/5e
 s \C70/rm/m/n/12/53  \C70/rm/m/n/12/59 ^^M \C70/rm/m/n/12/54 ^^H \C70/rm/m/n/
12/51 ≥ \C70/rm/m/n/12/7b V \C70/rm/m/n/12/57 : \C70/rm/m/n/12/66 o |\C70/rm/m/
n/12/ff ^^H|\C70/rm/m/n/12/59 Ç\OT1/cmr/m/n/12 "\C70/rm/m/n/12/65 Â \C70/rm/m/n
/12/5e 8\OT1/cmr/m/n/12 ,\C70/rm/m/n/12/80 L \C70/rm/m/n/12/4e ^^Z\OT1/cmr/m/n/
12 "\C70/rm/m/n/12/7e ƒ \C70/rm/m/n/12/54 ^^H \C70/rm/m/n/12/57 : \C70/rm/m/n/1
2/66 o \C70/rm/m/n/12/4f ù \C70/rm/m/n/12/8d V \C70/rm/m/n/12/63 ^^G \C70/rm/m/
n/12/65 p\OT1/cmr/m/n/12 0.5649|\C70/rm/m/n/12/ff ^^L|
 []


Overfull \hbox (16.61081pt too wide) in paragraph at lines 723--724
[]\C70/rm/bx/n/12/53 ◊ \C70/rm/bx/n/12/4f ^^W \C70/rm/bx/n/12/7f § \C70/rm/bx/n
/12/4f S \C70/rm/bx/n/12/4e 	 \C70/rm/bx/n/12/91 Õ \C70/rm/bx/n/12/52 ^^F \C70/
rm/bx/n/12/53 ^^V|\C70/rm/m/n/12/ff ^^Z| \C70/rm/m/n/12/79 ^ ÿ \C70/rm/m/n/12/4
e ; I \C70/rm/m/n/12/51 Ö \C70/rm/m/n/12/5b π \C70/rm/m/n/12/53 ◊ \C70/rm/m/n/1
2/4f ^^W \C70/rm/m/n/12/52 ^^F \C70/rm/m/n/12/53 ^^V \C70/rm/m/n/12/4e : \C70/r
m/m/n/12/5f √ \C70/rm/m/n/12/74 ^^F \C70/rm/m/n/12/61 p \C70/rm/m/n/12/85 … \C7
0/rm/m/n/12/57 ã |\C70/rm/m/n/12/ff ^^H|\OT1/cmr/m/n/12 25.8%|\C70/rm/m/n/12/ff
 	||\C70/rm/m/n/12/30 ^^A| \C70/rm/m/n/12/5a 1 \C70/rm/m/n/12/4e P \C70/rm/m/n/
12/57 ã |\C70/rm/m/n/12/ff ^^H|\OT1/cmr/m/n/12 47.5%|\C70/rm/m/n/12/ff 	|
 []


Underfull \hbox (badness 10000) in paragraph at lines 727--728

 []

[22] [23] [24]
Underfull \hbox (badness 10000) in paragraph at lines 793--794
[]\OT1/cmr/m/n/12 Pew Re-search Cen-ter. (2024). New Age be-liefs com-mon among

 []


Underfull \hbox (badness 10000) in paragraph at lines 793--794
\OT1/cmr/m/n/12 U.S. adults. Wash-ing-ton, DC: Pew Re-search Cen-ter. Re-trieve
d from
 []

[25] [26] [27] (Êñ∞ÈóªÂÆâÂÖ®.aux)
 ***********
LaTeX2e <2023-11-01> patch level 1
L3 programming layer <2022/07/14>
 ***********
Package rerunfilecheck Info: File `Êñ∞ÈóªÂÆâÂÖ®.out' has not changed.
(rerunfilecheck)             Checksum: 6234469E2BFD837B08F86A66F805327D;6107.
 ) 
Here is how much of TeX's memory you used:
 20989 strings out of 474485
 355666 string characters out of 5743733
 1961542 words of memory out of 5000000
 42351 multiletter control sequences out of 15000+600000
 653723 words of font info for 387 fonts, out of 8000000 for 9000
 1141 hyphenation exceptions out of 8191
 80i,14n,83p,1221b,700s stack positions out of 10000i,1000n,20000p,200000b,200000s
<C:/Windows/Fonts/simsun.ttc><C:/Windows/Fonts/simhei.ttf><C:/Windows/Fonts/s
imsun.ttc><C:/Windows/Fonts/simhei.ttf><C:/Windows/Fonts/simhei.ttf><C:/Windows
/Fonts/simhei.ttf><C:/Windows/Fonts/simhei.ttf><C:/Windows/Fonts/simhei.ttf><C:
/Windows/Fonts/simhei.ttf><C:/Windows/Fonts/simsun.ttc><C:/Windows/Fonts/simhei
.ttf><C:/Windows/Fonts/simhei.ttf><C:/Windows/Fonts/simhei.ttf><C:/Windows/Font
s/simhei.ttf><C:/Windows/Fonts/simhei.ttf><C:/Windows/Fonts/simsun.ttc><C:/Wind
ows/Fonts/simsun.ttc><C:/Windows/Fonts/simhei.ttf><C:/Windows/Fonts/simhei.ttf>
<C:/Windows/Fonts/simsun.ttc><C:/Windows/Fonts/simhei.ttf><C:/Windows/Fonts/sim
sun.ttc><C:/Windows/Fonts/simhei.ttf><C:/Windows/Fonts/simsun.ttc><C:/Windows/F
onts/simhei.ttf><C:/Windows/Fonts/simhei.ttf><C:/Windows/Fonts/simhei.ttf><C:/W
indows/Fonts/simhei.ttf><C:/Windows/Fonts/simhei.ttf><C:/Windows/Fonts/simhei.t
tf><C:/Windows/Fonts/simhei.ttf><C:/Windows/Fonts/simhei.ttf><C:/Windows/Fonts/
simhei.ttf><C:/Windows/Fonts/simsun.ttc><C:/Windows/Fonts/simhei.ttf><C:/Window
s/Fonts/simhei.ttf><C:/Windows/Fonts/simsun.ttc><C:/Windows/Fonts/simhei.ttf><C
:/Windows/Fonts/simhei.ttf><C:/Windows/Fonts/simhei.ttf><C:/Windows/Fonts/simhe
i.ttf><C:/Windows/Fonts/simhei.ttf> <C:\Users\bdfxl\AppData\Local\MiKTeX\fonts/
pk/ljfour/jknappen/ec/dpi600\tcrm1200.pk><C:/Windows/Fonts/simhei.ttf><C:/Windo
ws/Fonts/simhei.ttf><C:/Windows/Fonts/simsun.ttc><C:/Windows/Fonts/simsun.ttc><
C:/Windows/Fonts/simsun.ttc><C:/Windows/Fonts/simsun.ttc><C:/Windows/Fonts/sims
un.ttc><C:/Windows/Fonts/simhei.ttf><C:/Windows/Fonts/simhei.ttf><C:/Windows/Fo
nts/simsun.ttc><C:/Windows/Fonts/simsun.ttc><C:/Windows/Fonts/simsun.ttc><C:/Wi
ndows/Fonts/simsun.ttc><C:/Windows/Fonts/simsun.ttc><C:/Windows/Fonts/simsun.tt
c><C:/Windows/Fonts/simsun.ttc><C:/Windows/Fonts/simsun.ttc><C:/Windows/Fonts/s
imsun.ttc><C:/Windows/Fonts/simsun.ttc><C:/Windows/Fonts/simsun.ttc><C:/Windows
/Fonts/simsun.ttc><C:/Windows/Fonts/simsun.ttc><C:/Windows/Fonts/simhei.ttf><C:
/Windows/Fonts/simhei.ttf><C:/Windows/Fonts/simhei.ttf><C:/Windows/Fonts/simhei
.ttf><C:/Windows/Fonts/simhei.ttf><C:/Windows/Fonts/simhei.ttf><C:/Windows/Font
s/simhei.ttf><C:/Windows/Fonts/simsun.ttc><C:/Windows/Fonts/simsun.ttc><C:/Wind
ows/Fonts/simsun.ttc><C:/Windows/Fonts/simhei.ttf><C:/Windows/Fonts/simsun.ttc>
<C:/Windows/Fonts/simsun.ttc><C:/Windows/Fonts/simsun.ttc><C:/Windows/Fonts/sim
sun.ttc><C:/Windows/Fonts/simhei.ttf><C:/Windows/Fonts/simsun.ttc><C:/Windows/F
onts/simsun.ttc><C:/Windows/Fonts/simsun.ttc><C:/Windows/Fonts/simsun.ttc><C:/W
indows/Fonts/simsun.ttc><C:/Windows/Fonts/simsun.ttc><C:/Windows/Fonts/simsun.t
tc><C:/Windows/Fonts/simhei.ttf><C:/Windows/Fonts/simsun.ttc><C:/Windows/Fonts/
simsun.ttc><C:/Windows/Fonts/simsun.ttc><C:/Windows/Fonts/simsun.ttc><C:/Window
s/Fonts/simsun.ttc><C:/Windows/Fonts/simsun.ttc><C:/Windows/Fonts/simsun.ttc><C
:/Windows/Fonts/simsun.ttc><C:/Windows/Fonts/simhei.ttf><C:/Windows/Fonts/simhe
i.ttf><C:/Windows/Fonts/simhei.ttf><C:/Windows/Fonts/simsun.ttc><C:/Windows/Fon
ts/simsun.ttc><C:/Windows/Fonts/simsun.ttc><C:/Windows/Fonts/simsun.ttc><C:/Win
dows/Fonts/simsun.ttc><C:/Windows/Fonts/simhei.ttf><C:/Windows/Fonts/simhei.ttf
><C:/Windows/Fonts/simhei.ttf><C:/Windows/Fonts/simhei.ttf><C:/Windows/Fonts/si
msun.ttc><C:/Windows/Fonts/simsun.ttc><C:/Windows/Fonts/simsun.ttc><C:/Windows/
Fonts/simsun.ttc><C:/Windows/Fonts/simsun.ttc><C:/Windows/Fonts/simsun.ttc><C:/
Windows/Fonts/simsun.ttc><C:/Windows/Fonts/simsun.ttc><C:/Windows/Fonts/simsun.
ttc><C:/Windows/Fonts/simsun.ttc><C:/Windows/Fonts/simsun.ttc><C:/Windows/Fonts
/simsun.ttc><C:/Windows/Fonts/simsun.ttc><C:/Windows/Fonts/simsun.ttc><C:/Windo
ws/Fonts/simsun.ttc><C:/Windows/Fonts/simsun.ttc><C:/Windows/Fonts/simsun.ttc><
C:/Windows/Fonts/simsun.ttc><C:/Windows/Fonts/simsun.ttc><C:/Windows/Fonts/sims
un.ttc><C:/Windows/Fonts/simsun.ttc><C:/Windows/Fonts/simsun.ttc><C:/Windows/Fo
nts/simsun.ttc><C:/Windows/Fonts/simsun.ttc><C:/Windows/Fonts/simhei.ttf><C:/Wi
ndows/Fonts/simhei.ttf><C:/Windows/Fonts/simhei.ttf><C:/Windows/Fonts/simhei.tt
f><C:/Windows/Fonts/simhei.ttf><C:/Windows/Fonts/simhei.ttf><C:/Windows/Fonts/s
imhei.ttf><C:/Windows/Fonts/simhei.ttf><C:/Windows/Fonts/simhei.ttf><C:/Windows
/Fonts/simhei.ttf><C:/Windows/Fonts/simhei.ttf><C:/Windows/Fonts/simhei.ttf><C:
/Windows/Fonts/simhei.ttf><C:/Windows/Fonts/simhei.ttf><C:/Windows/Fonts/simhei
.ttf><C:/Windows/Fonts/simhei.ttf><C:/Windows/Fonts/simhei.ttf><C:/Users/bdfxl/
AppData/Local/Programs/MiKTeX/fonts/type1/public/amsfonts/cm/cmbx12.pfb><C:/Use
rs/bdfxl/AppData/Local/Programs/MiKTeX/fonts/type1/public/amsfonts/cm/cmex10.pf
b><C:/Users/bdfxl/AppData/Local/Programs/MiKTeX/fonts/type1/public/amsfonts/cm/
cmmi12.pfb><C:/Users/bdfxl/AppData/Local/Programs/MiKTeX/fonts/type1/public/ams
fonts/cm/cmmi6.pfb><C:/Users/bdfxl/AppData/Local/Programs/MiKTeX/fonts/type1/pu
blic/amsfonts/cm/cmmi8.pfb><C:/Users/bdfxl/AppData/Local/Programs/MiKTeX/fonts/
type1/public/amsfonts/cm/cmr10.pfb><C:/Users/bdfxl/AppData/Local/Programs/MiKTe
X/fonts/type1/public/amsfonts/cm/cmr12.pfb><C:/Users/bdfxl/AppData/Local/Progra
ms/MiKTeX/fonts/type1/public/amsfonts/cm/cmr17.pfb><C:/Users/bdfxl/AppData/Loca
l/Programs/MiKTeX/fonts/type1/public/amsfonts/cm/cmr8.pfb><C:/Users/bdfxl/AppDa
ta/Local/Programs/MiKTeX/fonts/type1/public/amsfonts/cm/cmsy10.pfb><C:/Users/bd
fxl/AppData/Local/Programs/MiKTeX/fonts/type1/public/amsfonts/cm/cmsy6.pfb><C:/
Users/bdfxl/AppData/Local/Programs/MiKTeX/fonts/type1/public/amsfonts/cm/cmsy8.
pfb><C:/Users/bdfxl/AppData/Local/Programs/MiKTeX/fonts/type1/public/amsfonts/c
m/cmtt12.pfb><C:/Users/bdfxl/AppData/Local/Programs/MiKTeX/fonts/type1/public/a
msfonts/symbols/msbm10.pfb>
Output written on Êñ∞ÈóªÂÆâÂÖ®.pdf (31 pages, 6710396 bytes).
PDF statistics:
 1337 PDF objects out of 1440 (max. 8388607)
 159 named destinations out of 1000 (max. 500000)
 871 words of extra memory for PDF output out of 10000 (max. 10000000)

